INFO: Iphone não está ligado
INFO: Iphone não está ligado
INFO: Iphone não está ligado
INFO: Iphone está conectado
ERROR: Iphone já está conectado
ERROR: Iphone já está conectado
INFO: Iphone não está ligado
INFO: Iphone foi desligado
INFO: Iphone não está ligado
INFO: Iphone está conectado
ERROR: Iphone já está conectado
ERROR: Iphone já está conectado
INFO: Iphone não está ligado
INFO: Iphone foi desligado
ERROR: Iphone não está ligado
INFO: Iphone está conectado
ERROR: Iphone já está conectado
ERROR: Iphone já está conectado
ERROR: Iphone não está ligado
INFO: Iphone foi desligado
